[     377ms] [INFO] %cDownload the React DevTools for a better development experience: https://reactjs.org/link/react-devtools font-weight:bold @ webpack-internal:///(app-pages-browser)/./node_modules/next/dist/compiled/react-dom/cjs/react-dom.development.js:38559
[     638ms] [VERBOSE] [DOM] Input elements should have autocomplete attributes (suggested: "current-password"): (More info: https://goo.gl/9p2vKq) %o @ http://localhost:3000/auth/signin?callbackUrl=%2Fapp:0
[   18206ms] [VERBOSE] [DOM] Input elements should have autocomplete attributes (suggested: "current-password"): (More info: https://goo.gl/9p2vKq) %o @ http://localhost:3000/auth/signin:0
[   18401ms] [INFO] %cDownload the React DevTools for a better development experience: https://reactjs.org/link/react-devtools font-weight:bold @ webpack-internal:///(app-pages-browser)/./node_modules/next/dist/compiled/react-dom/cjs/react-dom.development.js:38559
[   66618ms] [LOG] [Fast Refresh] rebuilding @ webpack-internal:///(app-pages-browser)/./node_modules/next/dist/client/components/react-dev-overlay/app/hot-reloader-client.js:186
[   67759ms] [LOG] [Fast Refresh] done in 1141ms @ webpack-internal:///(app-pages-browser)/./node_modules/next/dist/client/components/react-dev-overlay/app/hot-reloader-client.js:43
[   67973ms] [INFO] %cDownload the React DevTools for a better development experience: https://reactjs.org/link/react-devtools font-weight:bold @ webpack-internal:///(app-pages-browser)/./node_modules/next/dist/compiled/react-dom/cjs/react-dom.development.js:38559
[  501691ms] [LOG] [Fast Refresh] rebuilding @ webpack-internal:///(app-pages-browser)/./node_modules/next/dist/client/components/react-dev-overlay/app/hot-reloader-client.js:186
[  502083ms] [LOG] [Fast Refresh] rebuilding @ webpack-internal:///(app-pages-browser)/./node_modules/next/dist/client/components/react-dev-overlay/app/hot-reloader-client.js:186
[  502115ms] [LOG] [Fast Refresh] done in 33ms @ webpack-internal:///(app-pages-browser)/./node_modules/next/dist/client/components/react-dev-overlay/app/hot-reloader-client.js:43
[  502659ms] [LOG] [Fast Refresh] done in 576ms @ webpack-internal:///(app-pages-browser)/./node_modules/next/dist/client/components/react-dev-overlay/app/hot-reloader-client.js:43
[  523871ms] [LOG] [Fast Refresh] rebuilding @ webpack-internal:///(app-pages-browser)/./node_modules/next/dist/client/components/react-dev-overlay/app/hot-reloader-client.js:186
[  524147ms] [LOG] [Fast Refresh] done in 275ms @ webpack-internal:///(app-pages-browser)/./node_modules/next/dist/client/components/react-dev-overlay/app/hot-reloader-client.js:43
[  617213ms] [VERBOSE] [DOM] Input elements should have autocomplete attributes (suggested: "current-password"): (More info: https://goo.gl/9p2vKq) %o @ http://localhost:3000/auth/signin:0
[  617410ms] [INFO] %cDownload the React DevTools for a better development experience: https://reactjs.org/link/react-devtools font-weight:bold @ webpack-internal:///(app-pages-browser)/./node_modules/next/dist/compiled/react-dom/cjs/react-dom.development.js:38559
[  623839ms] [INFO] %cDownload the React DevTools for a better development experience: https://reactjs.org/link/react-devtools font-weight:bold @ webpack-internal:///(app-pages-browser)/./node_modules/next/dist/compiled/react-dom/cjs/react-dom.development.js:38559
[ 2924723ms] [LOG] [Fast Refresh] rebuilding @ webpack-internal:///(app-pages-browser)/./node_modules/next/dist/client/components/react-dev-overlay/app/hot-reloader-client.js:186
[ 2925660ms] [LOG] [Fast Refresh] done in 937ms @ webpack-internal:///(app-pages-browser)/./node_modules/next/dist/client/components/react-dev-overlay/app/hot-reloader-client.js:43
[ 3039921ms] [VERBOSE] [DOM] Input elements should have autocomplete attributes (suggested: "current-password"): (More info: https://goo.gl/9p2vKq) %o @ http://localhost:3000/auth/signin:0
[ 3040208ms] [INFO] %cDownload the React DevTools for a better development experience: https://reactjs.org/link/react-devtools font-weight:bold @ webpack-internal:///(app-pages-browser)/./node_modules/next/dist/compiled/react-dom/cjs/react-dom.development.js:38559
[ 3047777ms] [INFO] %cDownload the React DevTools for a better development experience: https://reactjs.org/link/react-devtools font-weight:bold @ webpack-internal:///(app-pages-browser)/./node_modules/next/dist/compiled/react-dom/cjs/react-dom.development.js:38559
[ 3141154ms] [INFO] %cDownload the React DevTools for a better development experience: https://reactjs.org/link/react-devtools font-weight:bold @ webpack-internal:///(app-pages-browser)/./node_modules/next/dist/compiled/react-dom/cjs/react-dom.development.js:38559
[ 3606511ms] [LOG] [Fast Refresh] rebuilding @ webpack-internal:///(app-pages-browser)/./node_modules/next/dist/client/components/react-dev-overlay/app/hot-reloader-client.js:186
[ 3607030ms] [LOG] [Fast Refresh] rebuilding @ webpack-internal:///(app-pages-browser)/./node_modules/next/dist/client/components/react-dev-overlay/app/hot-reloader-client.js:186
[ 3607064ms] [LOG] [Fast Refresh] done in 35ms @ webpack-internal:///(app-pages-browser)/./node_modules/next/dist/client/components/react-dev-overlay/app/hot-reloader-client.js:43
[ 3607518ms] [LOG] [Fast Refresh] done in 489ms @ webpack-internal:///(app-pages-browser)/./node_modules/next/dist/client/components/react-dev-overlay/app/hot-reloader-client.js:43
[ 3615826ms] [LOG] [Fast Refresh] rebuilding @ webpack-internal:///(app-pages-browser)/./node_modules/next/dist/client/components/react-dev-overlay/app/hot-reloader-client.js:186
[ 3616233ms] [LOG] [Fast Refresh] done in 408ms @ webpack-internal:///(app-pages-browser)/./node_modules/next/dist/client/components/react-dev-overlay/app/hot-reloader-client.js:43
[ 3654593ms] [LOG] [Fast Refresh] rebuilding @ webpack-internal:///(app-pages-browser)/./node_modules/next/dist/client/components/react-dev-overlay/app/hot-reloader-client.js:186
[ 3655330ms] [LOG] [Fast Refresh] done in 737ms @ webpack-internal:///(app-pages-browser)/./node_modules/next/dist/client/components/react-dev-overlay/app/hot-reloader-client.js:43
[ 3728196ms] [LOG] [Fast Refresh] rebuilding @ webpack-internal:///(app-pages-browser)/./node_modules/next/dist/client/components/react-dev-overlay/app/hot-reloader-client.js:186
[ 3728635ms] [LOG] [Fast Refresh] done in 440ms @ webpack-internal:///(app-pages-browser)/./node_modules/next/dist/client/components/react-dev-overlay/app/hot-reloader-client.js:43
[ 3816445ms] [LOG] [Fast Refresh] rebuilding @ webpack-internal:///(app-pages-browser)/./node_modules/next/dist/client/components/react-dev-overlay/app/hot-reloader-client.js:186
[ 3817087ms] [LOG] [Fast Refresh] done in 643ms @ webpack-internal:///(app-pages-browser)/./node_modules/next/dist/client/components/react-dev-overlay/app/hot-reloader-client.js:43
[ 3937490ms] [VERBOSE] [DOM] Input elements should have autocomplete attributes (suggested: "current-password"): (More info: https://goo.gl/9p2vKq) %o @ http://localhost:3000/auth/signin:0
[ 3937725ms] [INFO] %cDownload the React DevTools for a better development experience: https://reactjs.org/link/react-devtools font-weight:bold @ webpack-internal:///(app-pages-browser)/./node_modules/next/dist/compiled/react-dom/cjs/react-dom.development.js:38559
[ 3944496ms] [INFO] %cDownload the React DevTools for a better development experience: https://reactjs.org/link/react-devtools font-weight:bold @ webpack-internal:///(app-pages-browser)/./node_modules/next/dist/compiled/react-dom/cjs/react-dom.development.js:38559
[ 5148318ms] [LOG] [Fast Refresh] rebuilding @ webpack-internal:///(app-pages-browser)/./node_modules/next/dist/client/components/react-dev-overlay/app/hot-reloader-client.js:186
[ 5149019ms] [LOG] [Fast Refresh] done in 701ms @ webpack-internal:///(app-pages-browser)/./node_modules/next/dist/client/components/react-dev-overlay/app/hot-reloader-client.js:43
[ 5182327ms] [LOG] [Fast Refresh] rebuilding @ webpack-internal:///(app-pages-browser)/./node_modules/next/dist/client/components/react-dev-overlay/app/hot-reloader-client.js:186
[ 5182772ms] [LOG] [Fast Refresh] done in 445ms @ webpack-internal:///(app-pages-browser)/./node_modules/next/dist/client/components/react-dev-overlay/app/hot-reloader-client.js:43
[ 5188259ms] [LOG] [Fast Refresh] rebuilding @ webpack-internal:///(app-pages-browser)/./node_modules/next/dist/client/components/react-dev-overlay/app/hot-reloader-client.js:186
[ 5188500ms] [LOG] [Fast Refresh] done in 240ms @ webpack-internal:///(app-pages-browser)/./node_modules/next/dist/client/components/react-dev-overlay/app/hot-reloader-client.js:43
[ 5204546ms] [LOG] [Fast Refresh] rebuilding @ webpack-internal:///(app-pages-browser)/./node_modules/next/dist/client/components/react-dev-overlay/app/hot-reloader-client.js:186
[ 5204922ms] [LOG] [Fast Refresh] done in 376ms @ webpack-internal:///(app-pages-browser)/./node_modules/next/dist/client/components/react-dev-overlay/app/hot-reloader-client.js:43
[ 5227168ms] [LOG] [Fast Refresh] rebuilding @ webpack-internal:///(app-pages-browser)/./node_modules/next/dist/client/components/react-dev-overlay/app/hot-reloader-client.js:186
[ 5227589ms] [LOG] [Fast Refresh] done in 421ms @ webpack-internal:///(app-pages-browser)/./node_modules/next/dist/client/components/react-dev-overlay/app/hot-reloader-client.js:43
[ 5239609ms] [LOG] [Fast Refresh] rebuilding @ webpack-internal:///(app-pages-browser)/./node_modules/next/dist/client/components/react-dev-overlay/app/hot-reloader-client.js:186
[ 5240248ms] [LOG] [Fast Refresh] done in 639ms @ webpack-internal:///(app-pages-browser)/./node_modules/next/dist/client/components/react-dev-overlay/app/hot-reloader-client.js:43
[ 5273314ms] [LOG] [Fast Refresh] rebuilding @ webpack-internal:///(app-pages-browser)/./node_modules/next/dist/client/components/react-dev-overlay/app/hot-reloader-client.js:186
[ 5273635ms] [LOG] [Fast Refresh] done in 321ms @ webpack-internal:///(app-pages-browser)/./node_modules/next/dist/client/components/react-dev-overlay/app/hot-reloader-client.js:43
[ 5283429ms] [LOG] [Fast Refresh] rebuilding @ webpack-internal:///(app-pages-browser)/./node_modules/next/dist/client/components/react-dev-overlay/app/hot-reloader-client.js:186
[ 5283770ms] [LOG] [Fast Refresh] done in 340ms @ webpack-internal:///(app-pages-browser)/./node_modules/next/dist/client/components/react-dev-overlay/app/hot-reloader-client.js:43
[ 5345496ms] [LOG] [Fast Refresh] rebuilding @ webpack-internal:///(app-pages-browser)/./node_modules/next/dist/client/components/react-dev-overlay/app/hot-reloader-client.js:186
[ 5346236ms] [LOG] [Fast Refresh] rebuilding @ webpack-internal:///(app-pages-browser)/./node_modules/next/dist/client/components/react-dev-overlay/app/hot-reloader-client.js:186
[ 5346286ms] [LOG] [Fast Refresh] done in 50ms @ webpack-internal:///(app-pages-browser)/./node_modules/next/dist/client/components/react-dev-overlay/app/hot-reloader-client.js:43
[ 5346505ms] [LOG] [Fast Refresh] done in 270ms @ webpack-internal:///(app-pages-browser)/./node_modules/next/dist/client/components/react-dev-overlay/app/hot-reloader-client.js:43
[ 5349570ms] [WARNING] The resource http://localhost:3000/_next/static/css/app/layout.css?v=1776084324218 was preloaded using link preload but not used within a few seconds from the window's load event. Please make sure it has an appropriate `as` value and it is preloaded intentionally. @ http://localhost:3000/app?personas=steve-jobs%2Celon-musk%2Ccharlie-munger&mode=prism:0
[ 5362640ms] [WARNING] The resource http://localhost:3000/_next/static/css/app/layout.css?v=1776084324218 was preloaded using link preload but not used within a few seconds from the window's load event. Please make sure it has an appropriate `as` value and it is preloaded intentionally. @ http://localhost:3000/app?personas=steve-jobs%2Celon-musk%2Ccharlie-munger&mode=prism:0
[ 5371975ms] [LOG] [Fast Refresh] rebuilding @ webpack-internal:///(app-pages-browser)/./node_modules/next/dist/client/components/react-dev-overlay/app/hot-reloader-client.js:186
[ 5372400ms] [LOG] [Fast Refresh] done in 425ms @ webpack-internal:///(app-pages-browser)/./node_modules/next/dist/client/components/react-dev-overlay/app/hot-reloader-client.js:43
[ 5375444ms] [WARNING] The resource http://localhost:3000/_next/static/css/app/layout.css?v=1776084324218 was preloaded using link preload but not used within a few seconds from the window's load event. Please make sure it has an appropriate `as` value and it is preloaded intentionally. @ http://localhost:3000/app?personas=steve-jobs%2Celon-musk%2Ccharlie-munger&mode=prism:0
[ 5379521ms] [LOG] [Fast Refresh] rebuilding @ webpack-internal:///(app-pages-browser)/./node_modules/next/dist/client/components/react-dev-overlay/app/hot-reloader-client.js:186
[ 5379734ms] [LOG] [Fast Refresh] rebuilding @ webpack-internal:///(app-pages-browser)/./node_modules/next/dist/client/components/react-dev-overlay/app/hot-reloader-client.js:186
[ 5379754ms] [LOG] [Fast Refresh] done in 20ms @ webpack-internal:///(app-pages-browser)/./node_modules/next/dist/client/components/react-dev-overlay/app/hot-reloader-client.js:43
[ 5379983ms] [LOG] [Fast Refresh] done in 250ms @ webpack-internal:///(app-pages-browser)/./node_modules/next/dist/client/components/react-dev-overlay/app/hot-reloader-client.js:43
[ 5383039ms] [WARNING] The resource http://localhost:3000/_next/static/css/app/layout.css?v=1776084324218 was preloaded using link preload but not used within a few seconds from the window's load event. Please make sure it has an appropriate `as` value and it is preloaded intentionally. @ http://localhost:3000/app?personas=steve-jobs%2Celon-musk%2Ccharlie-munger&mode=prism:0
[ 5389239ms] [LOG] [Fast Refresh] rebuilding @ webpack-internal:///(app-pages-browser)/./node_modules/next/dist/client/components/react-dev-overlay/app/hot-reloader-client.js:186
[ 5389995ms] [LOG] [Fast Refresh] rebuilding @ webpack-internal:///(app-pages-browser)/./node_modules/next/dist/client/components/react-dev-overlay/app/hot-reloader-client.js:186
[ 5390037ms] [LOG] [Fast Refresh] done in 41ms @ webpack-internal:///(app-pages-browser)/./node_modules/next/dist/client/components/react-dev-overlay/app/hot-reloader-client.js:43
[ 5390262ms] [LOG] [Fast Refresh] done in 267ms @ webpack-internal:///(app-pages-browser)/./node_modules/next/dist/client/components/react-dev-overlay/app/hot-reloader-client.js:43
[ 5393324ms] [WARNING] The resource http://localhost:3000/_next/static/css/app/layout.css?v=1776084324218 was preloaded using link preload but not used within a few seconds from the window's load event. Please make sure it has an appropriate `as` value and it is preloaded intentionally. @ http://localhost:3000/app?personas=steve-jobs%2Celon-musk%2Ccharlie-munger&mode=prism:0
[ 5393324ms] [WARNING] The resource http://localhost:3000/_next/static/css/app/layout.css?v=1776084368036 was preloaded using link preload but not used within a few seconds from the window's load event. Please make sure it has an appropriate `as` value and it is preloaded intentionally. @ http://localhost:3000/app?personas=steve-jobs%2Celon-musk%2Ccharlie-munger&mode=prism:0
[ 5396705ms] [LOG] [Fast Refresh] rebuilding @ webpack-internal:///(app-pages-browser)/./node_modules/next/dist/client/components/react-dev-overlay/app/hot-reloader-client.js:186
[ 5397412ms] [LOG] [Fast Refresh] rebuilding @ webpack-internal:///(app-pages-browser)/./node_modules/next/dist/client/components/react-dev-overlay/app/hot-reloader-client.js:186
[ 5397439ms] [LOG] [Fast Refresh] done in 26ms @ webpack-internal:///(app-pages-browser)/./node_modules/next/dist/client/components/react-dev-overlay/app/hot-reloader-client.js:43
[ 5397647ms] [LOG] [Fast Refresh] done in 235ms @ webpack-internal:///(app-pages-browser)/./node_modules/next/dist/client/components/react-dev-overlay/app/hot-reloader-client.js:43
[ 5400718ms] [WARNING] The resource http://localhost:3000/_next/static/css/app/layout.css?v=1776084375330 was preloaded using link preload but not used within a few seconds from the window's load event. Please make sure it has an appropriate `as` value and it is preloaded intentionally. @ http://localhost:3000/app?personas=steve-jobs%2Celon-musk%2Ccharlie-munger&mode=prism:0
[ 5400718ms] [WARNING] The resource http://localhost:3000/_next/static/css/app/layout.css?v=1776084324218 was preloaded using link preload but not used within a few seconds from the window's load event. Please make sure it has an appropriate `as` value and it is preloaded intentionally. @ http://localhost:3000/app?personas=steve-jobs%2Celon-musk%2Ccharlie-munger&mode=prism:0
[ 5400718ms] [WARNING] The resource http://localhost:3000/_next/static/css/app/layout.css?v=1776084368036 was preloaded using link preload but not used within a few seconds from the window's load event. Please make sure it has an appropriate `as` value and it is preloaded intentionally. @ http://localhost:3000/app?personas=steve-jobs%2Celon-musk%2Ccharlie-munger&mode=prism:0
[ 5422818ms] [WARNING] The resource http://localhost:3000/_next/static/css/app/layout.css?v=1776084375330 was preloaded using link preload but not used within a few seconds from the window's load event. Please make sure it has an appropriate `as` value and it is preloaded intentionally. @ http://localhost:3000/app?personas=steve-jobs%2Celon-musk%2Ccharlie-munger&mode=prism:0
[ 5422818ms] [WARNING] The resource http://localhost:3000/_next/static/css/app/layout.css?v=1776084324218 was preloaded using link preload but not used within a few seconds from the window's load event. Please make sure it has an appropriate `as` value and it is preloaded intentionally. @ http://localhost:3000/app?personas=steve-jobs%2Celon-musk%2Ccharlie-munger&mode=prism:0
[ 5422818ms] [WARNING] The resource http://localhost:3000/_next/static/css/app/layout.css?v=1776084368036 was preloaded using link preload but not used within a few seconds from the window's load event. Please make sure it has an appropriate `as` value and it is preloaded intentionally. @ http://localhost:3000/app?personas=steve-jobs%2Celon-musk%2Ccharlie-munger&mode=prism:0
[ 5424422ms] [LOG] [Fast Refresh] rebuilding @ webpack-internal:///(app-pages-browser)/./node_modules/next/dist/client/components/react-dev-overlay/app/hot-reloader-client.js:186
[ 5425227ms] [LOG] [Fast Refresh] rebuilding @ webpack-internal:///(app-pages-browser)/./node_modules/next/dist/client/components/react-dev-overlay/app/hot-reloader-client.js:186
[ 5425254ms] [LOG] [Fast Refresh] done in 27ms @ webpack-internal:///(app-pages-browser)/./node_modules/next/dist/client/components/react-dev-overlay/app/hot-reloader-client.js:43
[ 5425406ms] [LOG] [Fast Refresh] done in 179ms @ webpack-internal:///(app-pages-browser)/./node_modules/next/dist/client/components/react-dev-overlay/app/hot-reloader-client.js:43
[ 5428460ms] [WARNING] The resource http://localhost:3000/_next/static/css/app/layout.css?v=1776084375330 was preloaded using link preload but not used within a few seconds from the window's load event. Please make sure it has an appropriate `as` value and it is preloaded intentionally. @ http://localhost:3000/app?personas=steve-jobs%2Celon-musk%2Ccharlie-munger&mode=prism:0
[ 5428460ms] [WARNING] The resource http://localhost:3000/_next/static/css/app/layout.css?v=1776084324218 was preloaded using link preload but not used within a few seconds from the window's load event. Please make sure it has an appropriate `as` value and it is preloaded intentionally. @ http://localhost:3000/app?personas=steve-jobs%2Celon-musk%2Ccharlie-munger&mode=prism:0
[ 5428460ms] [WARNING] The resource http://localhost:3000/_next/static/css/app/layout.css?v=1776084368036 was preloaded using link preload but not used within a few seconds from the window's load event. Please make sure it has an appropriate `as` value and it is preloaded intentionally. @ http://localhost:3000/app?personas=steve-jobs%2Celon-musk%2Ccharlie-munger&mode=prism:0
[ 5428460ms] [WARNING] The resource http://localhost:3000/_next/static/css/app/layout.css?v=1776084403182 was preloaded using link preload but not used within a few seconds from the window's load event. Please make sure it has an appropriate `as` value and it is preloaded intentionally. @ http://localhost:3000/app?personas=steve-jobs%2Celon-musk%2Ccharlie-munger&mode=prism:0
[ 5435449ms] [LOG] [Fast Refresh] rebuilding @ webpack-internal:///(app-pages-browser)/./node_modules/next/dist/client/components/react-dev-overlay/app/hot-reloader-client.js:186
[ 5435862ms] [LOG] [Fast Refresh] rebuilding @ webpack-internal:///(app-pages-browser)/./node_modules/next/dist/client/components/react-dev-overlay/app/hot-reloader-client.js:186
[ 5435878ms] [LOG] [Fast Refresh] done in 15ms @ webpack-internal:///(app-pages-browser)/./node_modules/next/dist/client/components/react-dev-overlay/app/hot-reloader-client.js:43
[ 5436047ms] [LOG] [Fast Refresh] done in 185ms @ webpack-internal:///(app-pages-browser)/./node_modules/next/dist/client/components/react-dev-overlay/app/hot-reloader-client.js:43
[ 5439086ms] [WARNING] The resource http://localhost:3000/_next/static/css/app/layout.css?v=1776084375330 was preloaded using link preload but not used within a few seconds from the window's load event. Please make sure it has an appropriate `as` value and it is preloaded intentionally. @ http://localhost:3000/app?personas=steve-jobs%2Celon-musk%2Ccharlie-munger&mode=prism:0
[ 5439086ms] [WARNING] The resource http://localhost:3000/_next/static/css/app/layout.css?v=1776084324218 was preloaded using link preload but not used within a few seconds from the window's load event. Please make sure it has an appropriate `as` value and it is preloaded intentionally. @ http://localhost:3000/app?personas=steve-jobs%2Celon-musk%2Ccharlie-munger&mode=prism:0
[ 5439086ms] [WARNING] The resource http://localhost:3000/_next/static/css/app/layout.css?v=1776084368036 was preloaded using link preload but not used within a few seconds from the window's load event. Please make sure it has an appropriate `as` value and it is preloaded intentionally. @ http://localhost:3000/app?personas=steve-jobs%2Celon-musk%2Ccharlie-munger&mode=prism:0
[ 5439086ms] [WARNING] The resource http://localhost:3000/_next/static/css/app/layout.css?v=1776084413753 was preloaded using link preload but not used within a few seconds from the window's load event. Please make sure it has an appropriate `as` value and it is preloaded intentionally. @ http://localhost:3000/app?personas=steve-jobs%2Celon-musk%2Ccharlie-munger&mode=prism:0
[ 5439086ms] [WARNING] The resource http://localhost:3000/_next/static/css/app/layout.css?v=1776084403182 was preloaded using link preload but not used within a few seconds from the window's load event. Please make sure it has an appropriate `as` value and it is preloaded intentionally. @ http://localhost:3000/app?personas=steve-jobs%2Celon-musk%2Ccharlie-munger&mode=prism:0
[ 5447373ms] [LOG] [Fast Refresh] rebuilding @ webpack-internal:///(app-pages-browser)/./node_modules/next/dist/client/components/react-dev-overlay/app/hot-reloader-client.js:186
[ 5447774ms] [LOG] [Fast Refresh] done in 401ms @ webpack-internal:///(app-pages-browser)/./node_modules/next/dist/client/components/react-dev-overlay/app/hot-reloader-client.js:43
[ 5452736ms] [WARNING] The resource http://localhost:3000/_next/static/css/app/layout.css?v=1776084375330 was preloaded using link preload but not used within a few seconds from the window's load event. Please make sure it has an appropriate `as` value and it is preloaded intentionally. @ http://localhost:3000/app?personas=steve-jobs%2Celon-musk%2Ccharlie-munger&mode=prism:0
[ 5452736ms] [WARNING] The resource http://localhost:3000/_next/static/css/app/layout.css?v=1776084368036 was preloaded using link preload but not used within a few seconds from the window's load event. Please make sure it has an appropriate `as` value and it is preloaded intentionally. @ http://localhost:3000/app?personas=steve-jobs%2Celon-musk%2Ccharlie-munger&mode=prism:0
[ 5452736ms] [WARNING] The resource http://localhost:3000/_next/static/css/app/layout.css?v=1776084324218 was preloaded using link preload but not used within a few seconds from the window's load event. Please make sure it has an appropriate `as` value and it is preloaded intentionally. @ http://localhost:3000/app?personas=steve-jobs%2Celon-musk%2Ccharlie-munger&mode=prism:0
[ 5452736ms] [WARNING] The resource http://localhost:3000/_next/static/css/app/layout.css?v=1776084413753 was preloaded using link preload but not used within a few seconds from the window's load event. Please make sure it has an appropriate `as` value and it is preloaded intentionally. @ http://localhost:3000/app?personas=steve-jobs%2Celon-musk%2Ccharlie-munger&mode=prism:0
[ 5452736ms] [WARNING] The resource http://localhost:3000/_next/static/css/app/layout.css?v=1776084403182 was preloaded using link preload but not used within a few seconds from the window's load event. Please make sure it has an appropriate `as` value and it is preloaded intentionally. @ http://localhost:3000/app?personas=steve-jobs%2Celon-musk%2Ccharlie-munger&mode=prism:0
[ 5458468ms] [LOG] [Fast Refresh] rebuilding @ webpack-internal:///(app-pages-browser)/./node_modules/next/dist/client/components/react-dev-overlay/app/hot-reloader-client.js:186
[ 5458786ms] [LOG] [Fast Refresh] done in 318ms @ webpack-internal:///(app-pages-browser)/./node_modules/next/dist/client/components/react-dev-overlay/app/hot-reloader-client.js:43
[ 5461831ms] [WARNING] The resource http://localhost:3000/_next/static/css/app/layout.css?v=1776084375330 was preloaded using link preload but not used within a few seconds from the window's load event. Please make sure it has an appropriate `as` value and it is preloaded intentionally. @ http://localhost:3000/app?personas=steve-jobs%2Celon-musk%2Ccharlie-munger&mode=prism:0
[ 5461831ms] [WARNING] The resource http://localhost:3000/_next/static/css/app/layout.css?v=1776084368036 was preloaded using link preload but not used within a few seconds from the window's load event. Please make sure it has an appropriate `as` value and it is preloaded intentionally. @ http://localhost:3000/app?personas=steve-jobs%2Celon-musk%2Ccharlie-munger&mode=prism:0
[ 5461831ms] [WARNING] The resource http://localhost:3000/_next/static/css/app/layout.css?v=1776084324218 was preloaded using link preload but not used within a few seconds from the window's load event. Please make sure it has an appropriate `as` value and it is preloaded intentionally. @ http://localhost:3000/app?personas=steve-jobs%2Celon-musk%2Ccharlie-munger&mode=prism:0
[ 5461831ms] [WARNING] The resource http://localhost:3000/_next/static/css/app/layout.css?v=1776084413753 was preloaded using link preload but not used within a few seconds from the window's load event. Please make sure it has an appropriate `as` value and it is preloaded intentionally. @ http://localhost:3000/app?personas=steve-jobs%2Celon-musk%2Ccharlie-munger&mode=prism:0
[ 5461831ms] [WARNING] The resource http://localhost:3000/_next/static/css/app/layout.css?v=1776084403182 was preloaded using link preload but not used within a few seconds from the window's load event. Please make sure it has an appropriate `as` value and it is preloaded intentionally. @ http://localhost:3000/app?personas=steve-jobs%2Celon-musk%2Ccharlie-munger&mode=prism:0
[ 5468233ms] [LOG] [Fast Refresh] rebuilding @ webpack-internal:///(app-pages-browser)/./node_modules/next/dist/client/components/react-dev-overlay/app/hot-reloader-client.js:186
[ 5468459ms] [LOG] [Fast Refresh] rebuilding @ webpack-internal:///(app-pages-browser)/./node_modules/next/dist/client/components/react-dev-overlay/app/hot-reloader-client.js:186
[ 5468483ms] [LOG] [Fast Refresh] done in 24ms @ webpack-internal:///(app-pages-browser)/./node_modules/next/dist/client/components/react-dev-overlay/app/hot-reloader-client.js:43
[ 5468781ms] [LOG] [Fast Refresh] done in 321ms @ webpack-internal:///(app-pages-browser)/./node_modules/next/dist/client/components/react-dev-overlay/app/hot-reloader-client.js:43
[ 5471817ms] [WARNING] The resource http://localhost:3000/_next/static/css/app/layout.css?v=1776084375330 was preloaded using link preload but not used within a few seconds from the window's load event. Please make sure it has an appropriate `as` value and it is preloaded intentionally. @ http://localhost:3000/app?personas=steve-jobs%2Celon-musk%2Ccharlie-munger&mode=prism:0
[ 5471817ms] [WARNING] The resource http://localhost:3000/_next/static/css/app/layout.css?v=1776084368036 was preloaded using link preload but not used within a few seconds from the window's load event. Please make sure it has an appropriate `as` value and it is preloaded intentionally. @ http://localhost:3000/app?personas=steve-jobs%2Celon-musk%2Ccharlie-munger&mode=prism:0
[ 5471817ms] [WARNING] The resource http://localhost:3000/_next/static/css/app/layout.css?v=1776084403182 was preloaded using link preload but not used within a few seconds from the window's load event. Please make sure it has an appropriate `as` value and it is preloaded intentionally. @ http://localhost:3000/app?personas=steve-jobs%2Celon-musk%2Ccharlie-munger&mode=prism:0
[ 5471817ms] [WARNING] The resource http://localhost:3000/_next/static/css/app/layout.css?v=1776084446454 was preloaded using link preload but not used within a few seconds from the window's load event. Please make sure it has an appropriate `as` value and it is preloaded intentionally. @ http://localhost:3000/app?personas=steve-jobs%2Celon-musk%2Ccharlie-munger&mode=prism:0
[ 5471817ms] [WARNING] The resource http://localhost:3000/_next/static/css/app/layout.css?v=1776084324218 was preloaded using link preload but not used within a few seconds from the window's load event. Please make sure it has an appropriate `as` value and it is preloaded intentionally. @ http://localhost:3000/app?personas=steve-jobs%2Celon-musk%2Ccharlie-munger&mode=prism:0
[ 5471817ms] [WARNING] The resource http://localhost:3000/_next/static/css/app/layout.css?v=1776084413753 was preloaded using link preload but not used within a few seconds from the window's load event. Please make sure it has an appropriate `as` value and it is preloaded intentionally. @ http://localhost:3000/app?personas=steve-jobs%2Celon-musk%2Ccharlie-munger&mode=prism:0
[ 5483932ms] [WARNING] The resource http://localhost:3000/_next/static/css/app/layout.css?v=1776084375330 was preloaded using link preload but not used within a few seconds from the window's load event. Please make sure it has an appropriate `as` value and it is preloaded intentionally. @ http://localhost:3000/app?personas=steve-jobs%2Celon-musk%2Ccharlie-munger&mode=prism:0
[ 5483932ms] [WARNING] The resource http://localhost:3000/_next/static/css/app/layout.css?v=1776084368036 was preloaded using link preload but not used within a few seconds from the window's load event. Please make sure it has an appropriate `as` value and it is preloaded intentionally. @ http://localhost:3000/app?personas=steve-jobs%2Celon-musk%2Ccharlie-munger&mode=prism:0
[ 5483932ms] [WARNING] The resource http://localhost:3000/_next/static/css/app/layout.css?v=1776084403182 was preloaded using link preload but not used within a few seconds from the window's load event. Please make sure it has an appropriate `as` value and it is preloaded intentionally. @ http://localhost:3000/app?personas=steve-jobs%2Celon-musk%2Ccharlie-munger&mode=prism:0
[ 5483932ms] [WARNING] The resource http://localhost:3000/_next/static/css/app/layout.css?v=1776084446454 was preloaded using link preload but not used within a few seconds from the window's load event. Please make sure it has an appropriate `as` value and it is preloaded intentionally. @ http://localhost:3000/app?personas=steve-jobs%2Celon-musk%2Ccharlie-munger&mode=prism:0
[ 5483932ms] [WARNING] The resource http://localhost:3000/_next/static/css/app/layout.css?v=1776084324218 was preloaded using link preload but not used within a few seconds from the window's load event. Please make sure it has an appropriate `as` value and it is preloaded intentionally. @ http://localhost:3000/app?personas=steve-jobs%2Celon-musk%2Ccharlie-munger&mode=prism:0
[ 5483932ms] [WARNING] The resource http://localhost:3000/_next/static/css/app/layout.css?v=1776084413753 was preloaded using link preload but not used within a few seconds from the window's load event. Please make sure it has an appropriate `as` value and it is preloaded intentionally. @ http://localhost:3000/app?personas=steve-jobs%2Celon-musk%2Ccharlie-munger&mode=prism:0
[ 5517546ms] [WARNING] The resource http://localhost:3000/_next/static/css/app/layout.css?v=1776084375330 was preloaded using link preload but not used within a few seconds from the window's load event. Please make sure it has an appropriate `as` value and it is preloaded intentionally. @ http://localhost:3000/app?personas=steve-jobs%2Celon-musk%2Ccharlie-munger&mode=prism:0
[ 5517546ms] [WARNING] The resource http://localhost:3000/_next/static/css/app/layout.css?v=1776084368036 was preloaded using link preload but not used within a few seconds from the window's load event. Please make sure it has an appropriate `as` value and it is preloaded intentionally. @ http://localhost:3000/app?personas=steve-jobs%2Celon-musk%2Ccharlie-munger&mode=prism:0
[ 5517546ms] [WARNING] The resource http://localhost:3000/_next/static/css/app/layout.css?v=1776084403182 was preloaded using link preload but not used within a few seconds from the window's load event. Please make sure it has an appropriate `as` value and it is preloaded intentionally. @ http://localhost:3000/app?personas=steve-jobs%2Celon-musk%2Ccharlie-munger&mode=prism:0
[ 5517546ms] [WARNING] The resource http://localhost:3000/_next/static/css/app/layout.css?v=1776084446454 was preloaded using link preload but not used within a few seconds from the window's load event. Please make sure it has an appropriate `as` value and it is preloaded intentionally. @ http://localhost:3000/app?personas=steve-jobs%2Celon-musk%2Ccharlie-munger&mode=prism:0
[ 5517546ms] [WARNING] The resource http://localhost:3000/_next/static/css/app/layout.css?v=1776084324218 was preloaded using link preload but not used within a few seconds from the window's load event. Please make sure it has an appropriate `as` value and it is preloaded intentionally. @ http://localhost:3000/app?personas=steve-jobs%2Celon-musk%2Ccharlie-munger&mode=prism:0
[ 5517546ms] [WARNING] The resource http://localhost:3000/_next/static/css/app/layout.css?v=1776084413753 was preloaded using link preload but not used within a few seconds from the window's load event. Please make sure it has an appropriate `as` value and it is preloaded intentionally. @ http://localhost:3000/app?personas=steve-jobs%2Celon-musk%2Ccharlie-munger&mode=prism:0
[ 5543755ms] [WARNING] The resource http://localhost:3000/_next/static/css/app/layout.css?v=1776084375330 was preloaded using link preload but not used within a few seconds from the window's load event. Please make sure it has an appropriate `as` value and it is preloaded intentionally. @ http://localhost:3000/app?personas=steve-jobs%2Celon-musk%2Ccharlie-munger&mode=prism:0
[ 5543755ms] [WARNING] The resource http://localhost:3000/_next/static/css/app/layout.css?v=1776084368036 was preloaded using link preload but not used within a few seconds from the window's load event. Please make sure it has an appropriate `as` value and it is preloaded intentionally. @ http://localhost:3000/app?personas=steve-jobs%2Celon-musk%2Ccharlie-munger&mode=prism:0
[ 5543755ms] [WARNING] The resource http://localhost:3000/_next/static/css/app/layout.css?v=1776084403182 was preloaded using link preload but not used within a few seconds from the window's load event. Please make sure it has an appropriate `as` value and it is preloaded intentionally. @ http://localhost:3000/app?personas=steve-jobs%2Celon-musk%2Ccharlie-munger&mode=prism:0
[ 5543755ms] [WARNING] The resource http://localhost:3000/_next/static/css/app/layout.css?v=1776084446454 was preloaded using link preload but not used within a few seconds from the window's load event. Please make sure it has an appropriate `as` value and it is preloaded intentionally. @ http://localhost:3000/app?personas=steve-jobs%2Celon-musk%2Ccharlie-munger&mode=prism:0
[ 5543755ms] [WARNING] The resource http://localhost:3000/_next/static/css/app/layout.css?v=1776084324218 was preloaded using link preload but not used within a few seconds from the window's load event. Please make sure it has an appropriate `as` value and it is preloaded intentionally. @ http://localhost:3000/app?personas=steve-jobs%2Celon-musk%2Ccharlie-munger&mode=prism:0
[ 5543755ms] [WARNING] The resource http://localhost:3000/_next/static/css/app/layout.css?v=1776084413753 was preloaded using link preload but not used within a few seconds from the window's load event. Please make sure it has an appropriate `as` value and it is preloaded intentionally. @ http://localhost:3000/app?personas=steve-jobs%2Celon-musk%2Ccharlie-munger&mode=prism:0
[ 5573821ms] [WARNING] The resource http://localhost:3000/_next/static/css/app/layout.css?v=1776084375330 was preloaded using link preload but not used within a few seconds from the window's load event. Please make sure it has an appropriate `as` value and it is preloaded intentionally. @ http://localhost:3000/app?personas=steve-jobs%2Celon-musk%2Ccharlie-munger&mode=prism:0
[ 5573821ms] [WARNING] The resource http://localhost:3000/_next/static/css/app/layout.css?v=1776084368036 was preloaded using link preload but not used within a few seconds from the window's load event. Please make sure it has an appropriate `as` value and it is preloaded intentionally. @ http://localhost:3000/app?personas=steve-jobs%2Celon-musk%2Ccharlie-munger&mode=prism:0
[ 5573821ms] [WARNING] The resource http://localhost:3000/_next/static/css/app/layout.css?v=1776084403182 was preloaded using link preload but not used within a few seconds from the window's load event. Please make sure it has an appropriate `as` value and it is preloaded intentionally. @ http://localhost:3000/app?personas=steve-jobs%2Celon-musk%2Ccharlie-munger&mode=prism:0
[ 5573821ms] [WARNING] The resource http://localhost:3000/_next/static/css/app/layout.css?v=1776084446454 was preloaded using link preload but not used within a few seconds from the window's load event. Please make sure it has an appropriate `as` value and it is preloaded intentionally. @ http://localhost:3000/app?personas=steve-jobs%2Celon-musk%2Ccharlie-munger&mode=prism:0
[ 5573822ms] [WARNING] The resource http://localhost:3000/_next/static/css/app/layout.css?v=1776084324218 was preloaded using link preload but not used within a few seconds from the window's load event. Please make sure it has an appropriate `as` value and it is preloaded intentionally. @ http://localhost:3000/app?personas=steve-jobs%2Celon-musk%2Ccharlie-munger&mode=prism:0
[ 5573822ms] [WARNING] The resource http://localhost:3000/_next/static/css/app/layout.css?v=1776084413753 was preloaded using link preload but not used within a few seconds from the window's load event. Please make sure it has an appropriate `as` value and it is preloaded intentionally. @ http://localhost:3000/app?personas=steve-jobs%2Celon-musk%2Ccharlie-munger&mode=prism:0
[ 5604419ms] [WARNING] The resource http://localhost:3000/_next/static/css/app/layout.css?v=1776084375330 was preloaded using link preload but not used within a few seconds from the window's load event. Please make sure it has an appropriate `as` value and it is preloaded intentionally. @ http://localhost:3000/app?personas=steve-jobs%2Celon-musk%2Ccharlie-munger&mode=prism:0
[ 5604419ms] [WARNING] The resource http://localhost:3000/_next/static/css/app/layout.css?v=1776084368036 was preloaded using link preload but not used within a few seconds from the window's load event. Please make sure it has an appropriate `as` value and it is preloaded intentionally. @ http://localhost:3000/app?personas=steve-jobs%2Celon-musk%2Ccharlie-munger&mode=prism:0
[ 5604419ms] [WARNING] The resource http://localhost:3000/_next/static/css/app/layout.css?v=1776084403182 was preloaded using link preload but not used within a few seconds from the window's load event. Please make sure it has an appropriate `as` value and it is preloaded intentionally. @ http://localhost:3000/app?personas=steve-jobs%2Celon-musk%2Ccharlie-munger&mode=prism:0
[ 5604419ms] [WARNING] The resource http://localhost:3000/_next/static/css/app/layout.css?v=1776084446454 was preloaded using link preload but not used within a few seconds from the window's load event. Please make sure it has an appropriate `as` value and it is preloaded intentionally. @ http://localhost:3000/app?personas=steve-jobs%2Celon-musk%2Ccharlie-munger&mode=prism:0
[ 5604420ms] [WARNING] The resource http://localhost:3000/_next/static/css/app/layout.css?v=1776084324218 was preloaded using link preload but not used within a few seconds from the window's load event. Please make sure it has an appropriate `as` value and it is preloaded intentionally. @ http://localhost:3000/app?personas=steve-jobs%2Celon-musk%2Ccharlie-munger&mode=prism:0
[ 5604420ms] [WARNING] The resource http://localhost:3000/_next/static/css/app/layout.css?v=1776084413753 was preloaded using link preload but not used within a few seconds from the window's load event. Please make sure it has an appropriate `as` value and it is preloaded intentionally. @ http://localhost:3000/app?personas=steve-jobs%2Celon-musk%2Ccharlie-munger&mode=prism:0
[ 5633308ms] [WARNING] The resource http://localhost:3000/_next/static/css/app/layout.css?v=1776084375330 was preloaded using link preload but not used within a few seconds from the window's load event. Please make sure it has an appropriate `as` value and it is preloaded intentionally. @ http://localhost:3000/app?personas=steve-jobs%2Celon-musk%2Ccharlie-munger&mode=prism:0
[ 5633308ms] [WARNING] The resource http://localhost:3000/_next/static/css/app/layout.css?v=1776084368036 was preloaded using link preload but not used within a few seconds from the window's load event. Please make sure it has an appropriate `as` value and it is preloaded intentionally. @ http://localhost:3000/app?personas=steve-jobs%2Celon-musk%2Ccharlie-munger&mode=prism:0
[ 5633308ms] [WARNING] The resource http://localhost:3000/_next/static/css/app/layout.css?v=1776084403182 was preloaded using link preload but not used within a few seconds from the window's load event. Please make sure it has an appropriate `as` value and it is preloaded intentionally. @ http://localhost:3000/app?personas=steve-jobs%2Celon-musk%2Ccharlie-munger&mode=prism:0
[ 5633308ms] [WARNING] The resource http://localhost:3000/_next/static/css/app/layout.css?v=1776084446454 was preloaded using link preload but not used within a few seconds from the window's load event. Please make sure it has an appropriate `as` value and it is preloaded intentionally. @ http://localhost:3000/app?personas=steve-jobs%2Celon-musk%2Ccharlie-munger&mode=prism:0
[ 5633308ms] [WARNING] The resource http://localhost:3000/_next/static/css/app/layout.css?v=1776084324218 was preloaded using link preload but not used within a few seconds from the window's load event. Please make sure it has an appropriate `as` value and it is preloaded intentionally. @ http://localhost:3000/app?personas=steve-jobs%2Celon-musk%2Ccharlie-munger&mode=prism:0
[ 5633308ms] [WARNING] The resource http://localhost:3000/_next/static/css/app/layout.css?v=1776084413753 was preloaded using link preload but not used within a few seconds from the window's load event. Please make sure it has an appropriate `as` value and it is preloaded intentionally. @ http://localhost:3000/app?personas=steve-jobs%2Celon-musk%2Ccharlie-munger&mode=prism:0
[ 5663740ms] [WARNING] The resource http://localhost:3000/_next/static/css/app/layout.css?v=1776084375330 was preloaded using link preload but not used within a few seconds from the window's load event. Please make sure it has an appropriate `as` value and it is preloaded intentionally. @ http://localhost:3000/app?personas=steve-jobs%2Celon-musk%2Ccharlie-munger&mode=prism:0
[ 5663740ms] [WARNING] The resource http://localhost:3000/_next/static/css/app/layout.css?v=1776084368036 was preloaded using link preload but not used within a few seconds from the window's load event. Please make sure it has an appropriate `as` value and it is preloaded intentionally. @ http://localhost:3000/app?personas=steve-jobs%2Celon-musk%2Ccharlie-munger&mode=prism:0
[ 5663740ms] [WARNING] The resource http://localhost:3000/_next/static/css/app/layout.css?v=1776084403182 was preloaded using link preload but not used within a few seconds from the window's load event. Please make sure it has an appropriate `as` value and it is preloaded intentionally. @ http://localhost:3000/app?personas=steve-jobs%2Celon-musk%2Ccharlie-munger&mode=prism:0
[ 5663740ms] [WARNING] The resource http://localhost:3000/_next/static/css/app/layout.css?v=1776084446454 was preloaded using link preload but not used within a few seconds from the window's load event. Please make sure it has an appropriate `as` value and it is preloaded intentionally. @ http://localhost:3000/app?personas=steve-jobs%2Celon-musk%2Ccharlie-munger&mode=prism:0
[ 5663740ms] [WARNING] The resource http://localhost:3000/_next/static/css/app/layout.css?v=1776084324218 was preloaded using link preload but not used within a few seconds from the window's load event. Please make sure it has an appropriate `as` value and it is preloaded intentionally. @ http://localhost:3000/app?personas=steve-jobs%2Celon-musk%2Ccharlie-munger&mode=prism:0
[ 5663740ms] [WARNING] The resource http://localhost:3000/_next/static/css/app/layout.css?v=1776084413753 was preloaded using link preload but not used within a few seconds from the window's load event. Please make sure it has an appropriate `as` value and it is preloaded intentionally. @ http://localhost:3000/app?personas=steve-jobs%2Celon-musk%2Ccharlie-munger&mode=prism:0
[ 5692625ms] [WARNING] The resource http://localhost:3000/_next/static/css/app/layout.css?v=1776084375330 was preloaded using link preload but not used within a few seconds from the window's load event. Please make sure it has an appropriate `as` value and it is preloaded intentionally. @ http://localhost:3000/app?personas=steve-jobs%2Celon-musk%2Ccharlie-munger&mode=prism:0
[ 5692625ms] [WARNING] The resource http://localhost:3000/_next/static/css/app/layout.css?v=1776084368036 was preloaded using link preload but not used within a few seconds from the window's load event. Please make sure it has an appropriate `as` value and it is preloaded intentionally. @ http://localhost:3000/app?personas=steve-jobs%2Celon-musk%2Ccharlie-munger&mode=prism:0
[ 5692625ms] [WARNING] The resource http://localhost:3000/_next/static/css/app/layout.css?v=1776084403182 was preloaded using link preload but not used within a few seconds from the window's load event. Please make sure it has an appropriate `as` value and it is preloaded intentionally. @ http://localhost:3000/app?personas=steve-jobs%2Celon-musk%2Ccharlie-munger&mode=prism:0
[ 5692625ms] [WARNING] The resource http://localhost:3000/_next/static/css/app/layout.css?v=1776084446454 was preloaded using link preload but not used within a few seconds from the window's load event. Please make sure it has an appropriate `as` value and it is preloaded intentionally. @ http://localhost:3000/app?personas=steve-jobs%2Celon-musk%2Ccharlie-munger&mode=prism:0
[ 5692625ms] [WARNING] The resource http://localhost:3000/_next/static/css/app/layout.css?v=1776084324218 was preloaded using link preload but not used within a few seconds from the window's load event. Please make sure it has an appropriate `as` value and it is preloaded intentionally. @ http://localhost:3000/app?personas=steve-jobs%2Celon-musk%2Ccharlie-munger&mode=prism:0
[ 5692625ms] [WARNING] The resource http://localhost:3000/_next/static/css/app/layout.css?v=1776084413753 was preloaded using link preload but not used within a few seconds from the window's load event. Please make sure it has an appropriate `as` value and it is preloaded intentionally. @ http://localhost:3000/app?personas=steve-jobs%2Celon-musk%2Ccharlie-munger&mode=prism:0
[ 5723790ms] [WARNING] The resource http://localhost:3000/_next/static/css/app/layout.css?v=1776084375330 was preloaded using link preload but not used within a few seconds from the window's load event. Please make sure it has an appropriate `as` value and it is preloaded intentionally. @ http://localhost:3000/app?personas=steve-jobs%2Celon-musk%2Ccharlie-munger&mode=prism:0
[ 5723790ms] [WARNING] The resource http://localhost:3000/_next/static/css/app/layout.css?v=1776084368036 was preloaded using link preload but not used within a few seconds from the window's load event. Please make sure it has an appropriate `as` value and it is preloaded intentionally. @ http://localhost:3000/app?personas=steve-jobs%2Celon-musk%2Ccharlie-munger&mode=prism:0
[ 5723790ms] [WARNING] The resource http://localhost:3000/_next/static/css/app/layout.css?v=1776084403182 was preloaded using link preload but not used within a few seconds from the window's load event. Please make sure it has an appropriate `as` value and it is preloaded intentionally. @ http://localhost:3000/app?personas=steve-jobs%2Celon-musk%2Ccharlie-munger&mode=prism:0
[ 5723790ms] [WARNING] The resource http://localhost:3000/_next/static/css/app/layout.css?v=1776084446454 was preloaded using link preload but not used within a few seconds from the window's load event. Please make sure it has an appropriate `as` value and it is preloaded intentionally. @ http://localhost:3000/app?personas=steve-jobs%2Celon-musk%2Ccharlie-munger&mode=prism:0
[ 5723790ms] [WARNING] The resource http://localhost:3000/_next/static/css/app/layout.css?v=1776084324218 was preloaded using link preload but not used within a few seconds from the window's load event. Please make sure it has an appropriate `as` value and it is preloaded intentionally. @ http://localhost:3000/app?personas=steve-jobs%2Celon-musk%2Ccharlie-munger&mode=prism:0
[ 5723790ms] [WARNING] The resource http://localhost:3000/_next/static/css/app/layout.css?v=1776084413753 was preloaded using link preload but not used within a few seconds from the window's load event. Please make sure it has an appropriate `as` value and it is preloaded intentionally. @ http://localhost:3000/app?personas=steve-jobs%2Celon-musk%2Ccharlie-munger&mode=prism:0
[ 5729218ms] [LOG] [Fast Refresh] rebuilding @ webpack-internal:///(app-pages-browser)/./node_modules/next/dist/client/components/react-dev-overlay/app/hot-reloader-client.js:186
[ 5729601ms] [LOG] [Fast Refresh] done in 383ms @ webpack-internal:///(app-pages-browser)/./node_modules/next/dist/client/components/react-dev-overlay/app/hot-reloader-client.js:43
[ 5732602ms] [WARNING] The resource http://localhost:3000/_next/static/css/app/layout.css?v=1776084375330 was preloaded using link preload but not used within a few seconds from the window's load event. Please make sure it has an appropriate `as` value and it is preloaded intentionally. @ http://localhost:3000/app?personas=steve-jobs%2Celon-musk%2Ccharlie-munger&mode=prism:0
[ 5732603ms] [WARNING] The resource http://localhost:3000/_next/static/css/app/layout.css?v=1776084368036 was preloaded using link preload but not used within a few seconds from the window's load event. Please make sure it has an appropriate `as` value and it is preloaded intentionally. @ http://localhost:3000/app?personas=steve-jobs%2Celon-musk%2Ccharlie-munger&mode=prism:0
[ 5732603ms] [WARNING] The resource http://localhost:3000/_next/static/css/app/layout.css?v=1776084403182 was preloaded using link preload but not used within a few seconds from the window's load event. Please make sure it has an appropriate `as` value and it is preloaded intentionally. @ http://localhost:3000/app?personas=steve-jobs%2Celon-musk%2Ccharlie-munger&mode=prism:0
[ 5732603ms] [WARNING] The resource http://localhost:3000/_next/static/css/app/layout.css?v=1776084446454 was preloaded using link preload but not used within a few seconds from the window's load event. Please make sure it has an appropriate `as` value and it is preloaded intentionally. @ http://localhost:3000/app?personas=steve-jobs%2Celon-musk%2Ccharlie-munger&mode=prism:0
[ 5732603ms] [WARNING] The resource http://localhost:3000/_next/static/css/app/layout.css?v=1776084324218 was preloaded using link preload but not used within a few seconds from the window's load event. Please make sure it has an appropriate `as` value and it is preloaded intentionally. @ http://localhost:3000/app?personas=steve-jobs%2Celon-musk%2Ccharlie-munger&mode=prism:0
[ 5732603ms] [WARNING] The resource http://localhost:3000/_next/static/css/app/layout.css?v=1776084413753 was preloaded using link preload but not used within a few seconds from the window's load event. Please make sure it has an appropriate `as` value and it is preloaded intentionally. @ http://localhost:3000/app?personas=steve-jobs%2Celon-musk%2Ccharlie-munger&mode=prism:0
[ 5737693ms] [LOG] [Fast Refresh] rebuilding @ webpack-internal:///(app-pages-browser)/./node_modules/next/dist/client/components/react-dev-overlay/app/hot-reloader-client.js:186
[ 5737796ms] [LOG] [Fast Refresh] done in 103ms @ webpack-internal:///(app-pages-browser)/./node_modules/next/dist/client/components/react-dev-overlay/app/hot-reloader-client.js:43
[ 5740797ms] [WARNING] The resource http://localhost:3000/_next/static/css/app/layout.css?v=1776084375330 was preloaded using link preload but not used within a few seconds from the window's load event. Please make sure it has an appropriate `as` value and it is preloaded intentionally. @ http://localhost:3000/app?personas=steve-jobs%2Celon-musk%2Ccharlie-munger&mode=prism:0
[ 5740797ms] [WARNING] The resource http://localhost:3000/_next/static/css/app/layout.css?v=1776084368036 was preloaded using link preload but not used within a few seconds from the window's load event. Please make sure it has an appropriate `as` value and it is preloaded intentionally. @ http://localhost:3000/app?personas=steve-jobs%2Celon-musk%2Ccharlie-munger&mode=prism:0
[ 5740797ms] [WARNING] The resource http://localhost:3000/_next/static/css/app/layout.css?v=1776084403182 was preloaded using link preload but not used within a few seconds from the window's load event. Please make sure it has an appropriate `as` value and it is preloaded intentionally. @ http://localhost:3000/app?personas=steve-jobs%2Celon-musk%2Ccharlie-munger&mode=prism:0
[ 5740797ms] [WARNING] The resource http://localhost:3000/_next/static/css/app/layout.css?v=1776084446454 was preloaded using link preload but not used within a few seconds from the window's load event. Please make sure it has an appropriate `as` value and it is preloaded intentionally. @ http://localhost:3000/app?personas=steve-jobs%2Celon-musk%2Ccharlie-munger&mode=prism:0
[ 5740797ms] [WARNING] The resource http://localhost:3000/_next/static/css/app/layout.css?v=1776084324218 was preloaded using link preload but not used within a few seconds from the window's load event. Please make sure it has an appropriate `as` value and it is preloaded intentionally. @ http://localhost:3000/app?personas=steve-jobs%2Celon-musk%2Ccharlie-munger&mode=prism:0
[ 5740797ms] [WARNING] The resource http://localhost:3000/_next/static/css/app/layout.css?v=1776084413753 was preloaded using link preload but not used within a few seconds from the window's load event. Please make sure it has an appropriate `as` value and it is preloaded intentionally. @ http://localhost:3000/app?personas=steve-jobs%2Celon-musk%2Ccharlie-munger&mode=prism:0
[ 5748361ms] [LOG] [Fast Refresh] rebuilding @ webpack-internal:///(app-pages-browser)/./node_modules/next/dist/client/components/react-dev-overlay/app/hot-reloader-client.js:186
[ 5748459ms] [LOG] [Fast Refresh] done in 97ms @ webpack-internal:///(app-pages-browser)/./node_modules/next/dist/client/components/react-dev-overlay/app/hot-reloader-client.js:43
[ 5753636ms] [WARNING] The resource http://localhost:3000/_next/static/css/app/layout.css?v=1776084375330 was preloaded using link preload but not used within a few seconds from the window's load event. Please make sure it has an appropriate `as` value and it is preloaded intentionally. @ http://localhost:3000/app?personas=steve-jobs%2Celon-musk%2Ccharlie-munger&mode=prism:0
[ 5753636ms] [WARNING] The resource http://localhost:3000/_next/static/css/app/layout.css?v=1776084368036 was preloaded using link preload but not used within a few seconds from the window's load event. Please make sure it has an appropriate `as` value and it is preloaded intentionally. @ http://localhost:3000/app?personas=steve-jobs%2Celon-musk%2Ccharlie-munger&mode=prism:0
[ 5753636ms] [WARNING] The resource http://localhost:3000/_next/static/css/app/layout.css?v=1776084403182 was preloaded using link preload but not used within a few seconds from the window's load event. Please make sure it has an appropriate `as` value and it is preloaded intentionally. @ http://localhost:3000/app?personas=steve-jobs%2Celon-musk%2Ccharlie-munger&mode=prism:0
[ 5753636ms] [WARNING] The resource http://localhost:3000/_next/static/css/app/layout.css?v=1776084446454 was preloaded using link preload but not used within a few seconds from the window's load event. Please make sure it has an appropriate `as` value and it is preloaded intentionally. @ http://localhost:3000/app?personas=steve-jobs%2Celon-musk%2Ccharlie-munger&mode=prism:0
[ 5753636ms] [WARNING] The resource http://localhost:3000/_next/static/css/app/layout.css?v=1776084324218 was preloaded using link preload but not used within a few seconds from the window's load event. Please make sure it has an appropriate `as` value and it is preloaded intentionally. @ http://localhost:3000/app?personas=steve-jobs%2Celon-musk%2Ccharlie-munger&mode=prism:0
[ 5753636ms] [WARNING] The resource http://localhost:3000/_next/static/css/app/layout.css?v=1776084413753 was preloaded using link preload but not used within a few seconds from the window's load event. Please make sure it has an appropriate `as` value and it is preloaded intentionally. @ http://localhost:3000/app?personas=steve-jobs%2Celon-musk%2Ccharlie-munger&mode=prism:0
[ 5772758ms] [LOG] [Fast Refresh] rebuilding @ webpack-internal:///(app-pages-browser)/./node_modules/next/dist/client/components/react-dev-overlay/app/hot-reloader-client.js:186
[ 5773090ms] [LOG] [Fast Refresh] done in 331ms @ webpack-internal:///(app-pages-browser)/./node_modules/next/dist/client/components/react-dev-overlay/app/hot-reloader-client.js:43
[ 5776092ms] [WARNING] The resource http://localhost:3000/_next/static/css/app/layout.css?v=1776084375330 was preloaded using link preload but not used within a few seconds from the window's load event. Please make sure it has an appropriate `as` value and it is preloaded intentionally. @ http://localhost:3000/app?personas=steve-jobs%2Celon-musk%2Ccharlie-munger&mode=prism:0
[ 5776092ms] [WARNING] The resource http://localhost:3000/_next/static/css/app/layout.css?v=1776084368036 was preloaded using link preload but not used within a few seconds from the window's load event. Please make sure it has an appropriate `as` value and it is preloaded intentionally. @ http://localhost:3000/app?personas=steve-jobs%2Celon-musk%2Ccharlie-munger&mode=prism:0
[ 5776092ms] [WARNING] The resource http://localhost:3000/_next/static/css/app/layout.css?v=1776084403182 was preloaded using link preload but not used within a few seconds from the window's load event. Please make sure it has an appropriate `as` value and it is preloaded intentionally. @ http://localhost:3000/app?personas=steve-jobs%2Celon-musk%2Ccharlie-munger&mode=prism:0
[ 5776092ms] [WARNING] The resource http://localhost:3000/_next/static/css/app/layout.css?v=1776084446454 was preloaded using link preload but not used within a few seconds from the window's load event. Please make sure it has an appropriate `as` value and it is preloaded intentionally. @ http://localhost:3000/app?personas=steve-jobs%2Celon-musk%2Ccharlie-munger&mode=prism:0
[ 5776092ms] [WARNING] The resource http://localhost:3000/_next/static/css/app/layout.css?v=1776084324218 was preloaded using link preload but not used within a few seconds from the window's load event. Please make sure it has an appropriate `as` value and it is preloaded intentionally. @ http://localhost:3000/app?personas=steve-jobs%2Celon-musk%2Ccharlie-munger&mode=prism:0
[ 5776092ms] [WARNING] The resource http://localhost:3000/_next/static/css/app/layout.css?v=1776084413753 was preloaded using link preload but not used within a few seconds from the window's load event. Please make sure it has an appropriate `as` value and it is preloaded intentionally. @ http://localhost:3000/app?personas=steve-jobs%2Celon-musk%2Ccharlie-munger&mode=prism:0
[ 5782598ms] [WARNING] The resource http://localhost:3000/_next/static/css/app/layout.css?v=1776084375330 was preloaded using link preload but not used within a few seconds from the window's load event. Please make sure it has an appropriate `as` value and it is preloaded intentionally. @ http://localhost:3000/app?personas=steve-jobs%2Celon-musk%2Ccharlie-munger&mode=prism:0
[ 5782598ms] [WARNING] The resource http://localhost:3000/_next/static/css/app/layout.css?v=1776084368036 was preloaded using link preload but not used within a few seconds from the window's load event. Please make sure it has an appropriate `as` value and it is preloaded intentionally. @ http://localhost:3000/app?personas=steve-jobs%2Celon-musk%2Ccharlie-munger&mode=prism:0
[ 5782598ms] [WARNING] The resource http://localhost:3000/_next/static/css/app/layout.css?v=1776084403182 was preloaded using link preload but not used within a few seconds from the window's load event. Please make sure it has an appropriate `as` value and it is preloaded intentionally. @ http://localhost:3000/app?personas=steve-jobs%2Celon-musk%2Ccharlie-munger&mode=prism:0
[ 5782598ms] [WARNING] The resource http://localhost:3000/_next/static/css/app/layout.css?v=1776084446454 was preloaded using link preload but not used within a few seconds from the window's load event. Please make sure it has an appropriate `as` value and it is preloaded intentionally. @ http://localhost:3000/app?personas=steve-jobs%2Celon-musk%2Ccharlie-munger&mode=prism:0
[ 5782598ms] [WARNING] The resource http://localhost:3000/_next/static/css/app/layout.css?v=1776084324218 was preloaded using link preload but not used within a few seconds from the window's load event. Please make sure it has an appropriate `as` value and it is preloaded intentionally. @ http://localhost:3000/app?personas=steve-jobs%2Celon-musk%2Ccharlie-munger&mode=prism:0
[ 5782598ms] [WARNING] The resource http://localhost:3000/_next/static/css/app/layout.css?v=1776084413753 was preloaded using link preload but not used within a few seconds from the window's load event. Please make sure it has an appropriate `as` value and it is preloaded intentionally. @ http://localhost:3000/app?personas=steve-jobs%2Celon-musk%2Ccharlie-munger&mode=prism:0
[ 5813890ms] [WARNING] The resource http://localhost:3000/_next/static/css/app/layout.css?v=1776084375330 was preloaded using link preload but not used within a few seconds from the window's load event. Please make sure it has an appropriate `as` value and it is preloaded intentionally. @ http://localhost:3000/app?personas=steve-jobs%2Celon-musk%2Ccharlie-munger&mode=prism:0
[ 5813890ms] [WARNING] The resource http://localhost:3000/_next/static/css/app/layout.css?v=1776084368036 was preloaded using link preload but not used within a few seconds from the window's load event. Please make sure it has an appropriate `as` value and it is preloaded intentionally. @ http://localhost:3000/app?personas=steve-jobs%2Celon-musk%2Ccharlie-munger&mode=prism:0
[ 5813890ms] [WARNING] The resource http://localhost:3000/_next/static/css/app/layout.css?v=1776084403182 was preloaded using link preload but not used within a few seconds from the window's load event. Please make sure it has an appropriate `as` value and it is preloaded intentionally. @ http://localhost:3000/app?personas=steve-jobs%2Celon-musk%2Ccharlie-munger&mode=prism:0
[ 5813890ms] [WARNING] The resource http://localhost:3000/_next/static/css/app/layout.css?v=1776084446454 was preloaded using link preload but not used within a few seconds from the window's load event. Please make sure it has an appropriate `as` value and it is preloaded intentionally. @ http://localhost:3000/app?personas=steve-jobs%2Celon-musk%2Ccharlie-munger&mode=prism:0
[ 5813890ms] [WARNING] The resource http://localhost:3000/_next/static/css/app/layout.css?v=1776084324218 was preloaded using link preload but not used within a few seconds from the window's load event. Please make sure it has an appropriate `as` value and it is preloaded intentionally. @ http://localhost:3000/app?personas=steve-jobs%2Celon-musk%2Ccharlie-munger&mode=prism:0
[ 5813890ms] [WARNING] The resource http://localhost:3000/_next/static/css/app/layout.css?v=1776084413753 was preloaded using link preload but not used within a few seconds from the window's load event. Please make sure it has an appropriate `as` value and it is preloaded intentionally. @ http://localhost:3000/app?personas=steve-jobs%2Celon-musk%2Ccharlie-munger&mode=prism:0
[ 5842575ms] [WARNING] The resource http://localhost:3000/_next/static/css/app/layout.css?v=1776084375330 was preloaded using link preload but not used within a few seconds from the window's load event. Please make sure it has an appropriate `as` value and it is preloaded intentionally. @ http://localhost:3000/app?personas=steve-jobs%2Celon-musk%2Ccharlie-munger&mode=prism:0
[ 5842575ms] [WARNING] The resource http://localhost:3000/_next/static/css/app/layout.css?v=1776084368036 was preloaded using link preload but not used within a few seconds from the window's load event. Please make sure it has an appropriate `as` value and it is preloaded intentionally. @ http://localhost:3000/app?personas=steve-jobs%2Celon-musk%2Ccharlie-munger&mode=prism:0
[ 5842575ms] [WARNING] The resource http://localhost:3000/_next/static/css/app/layout.css?v=1776084403182 was preloaded using link preload but not used within a few seconds from the window's load event. Please make sure it has an appropriate `as` value and it is preloaded intentionally. @ http://localhost:3000/app?personas=steve-jobs%2Celon-musk%2Ccharlie-munger&mode=prism:0
[ 5842575ms] [WARNING] The resource http://localhost:3000/_next/static/css/app/layout.css?v=1776084446454 was preloaded using link preload but not used within a few seconds from the window's load event. Please make sure it has an appropriate `as` value and it is preloaded intentionally. @ http://localhost:3000/app?personas=steve-jobs%2Celon-musk%2Ccharlie-munger&mode=prism:0
[ 5842575ms] [WARNING] The resource http://localhost:3000/_next/static/css/app/layout.css?v=1776084324218 was preloaded using link preload but not used within a few seconds from the window's load event. Please make sure it has an appropriate `as` value and it is preloaded intentionally. @ http://localhost:3000/app?personas=steve-jobs%2Celon-musk%2Ccharlie-munger&mode=prism:0
[ 5842575ms] [WARNING] The resource http://localhost:3000/_next/static/css/app/layout.css?v=1776084413753 was preloaded using link preload but not used within a few seconds from the window's load event. Please make sure it has an appropriate `as` value and it is preloaded intentionally. @ http://localhost:3000/app?personas=steve-jobs%2Celon-musk%2Ccharlie-munger&mode=prism:0
[ 5873683ms] [WARNING] The resource http://localhost:3000/_next/static/css/app/layout.css?v=1776084375330 was preloaded using link preload but not used within a few seconds from the window's load event. Please make sure it has an appropriate `as` value and it is preloaded intentionally. @ http://localhost:3000/app?personas=steve-jobs%2Celon-musk%2Ccharlie-munger&mode=prism:0
[ 5873683ms] [WARNING] The resource http://localhost:3000/_next/static/css/app/layout.css?v=1776084368036 was preloaded using link preload but not used within a few seconds from the window's load event. Please make sure it has an appropriate `as` value and it is preloaded intentionally. @ http://localhost:3000/app?personas=steve-jobs%2Celon-musk%2Ccharlie-munger&mode=prism:0
[ 5873683ms] [WARNING] The resource http://localhost:3000/_next/static/css/app/layout.css?v=1776084403182 was preloaded using link preload but not used within a few seconds from the window's load event. Please make sure it has an appropriate `as` value and it is preloaded intentionally. @ http://localhost:3000/app?personas=steve-jobs%2Celon-musk%2Ccharlie-munger&mode=prism:0
[ 5873683ms] [WARNING] The resource http://localhost:3000/_next/static/css/app/layout.css?v=1776084446454 was preloaded using link preload but not used within a few seconds from the window's load event. Please make sure it has an appropriate `as` value and it is preloaded intentionally. @ http://localhost:3000/app?personas=steve-jobs%2Celon-musk%2Ccharlie-munger&mode=prism:0
[ 5873683ms] [WARNING] The resource http://localhost:3000/_next/static/css/app/layout.css?v=1776084324218 was preloaded using link preload but not used within a few seconds from the window's load event. Please make sure it has an appropriate `as` value and it is preloaded intentionally. @ http://localhost:3000/app?personas=steve-jobs%2Celon-musk%2Ccharlie-munger&mode=prism:0
[ 5873683ms] [WARNING] The resource http://localhost:3000/_next/static/css/app/layout.css?v=1776084413753 was preloaded using link preload but not used within a few seconds from the window's load event. Please make sure it has an appropriate `as` value and it is preloaded intentionally. @ http://localhost:3000/app?personas=steve-jobs%2Celon-musk%2Ccharlie-munger&mode=prism:0
[ 5884145ms] [INFO] %cDownload the React DevTools for a better development experience: https://reactjs.org/link/react-devtools font-weight:bold @ webpack-internal:///(app-pages-browser)/./node_modules/next/dist/compiled/react-dom/cjs/react-dom.development.js:38559
[ 5887152ms] [ERROR] Failed to load resource: the server responded with a status of 500 (Internal Server Error) @ http://localhost:3000/api/comments?limit=50&sort=latest:0
[ 5887152ms] [ERROR] Failed to fetch comments: Error: Failed to fetch
    at eval (webpack-internal:///(app-pages-browser)/./src/components/comments-section.tsx:1459:32) @ webpack-internal:///(app-pages-browser)/./node_modules/next/dist/client/app-index.js:32
[ 5887779ms] [ERROR] Failed to load resource: the server responded with a status of 500 (Internal Server Error) @ http://localhost:3000/api/comments?limit=50&sort=latest:0
[ 5887779ms] [ERROR] Failed to fetch comments: Error: Failed to fetch
    at eval (webpack-internal:///(app-pages-browser)/./src/components/comments-section.tsx:1459:32) @ webpack-internal:///(app-pages-browser)/./node_modules/next/dist/client/app-index.js:32
[ 5898759ms] [INFO] %cDownload the React DevTools for a better development experience: https://reactjs.org/link/react-devtools font-weight:bold @ webpack-internal:///(app-pages-browser)/./node_modules/next/dist/compiled/react-dom/cjs/react-dom.development.js:38559
[ 5901009ms] [ERROR] Failed to load resource: the server responded with a status of 500 (Internal Server Error) @ http://localhost:3000/api/comments?limit=50&sort=latest:0
[ 5901009ms] [ERROR] Failed to fetch comments: Error: Failed to fetch
    at eval (webpack-internal:///(app-pages-browser)/./src/components/comments-section.tsx:1459:32) @ webpack-internal:///(app-pages-browser)/./node_modules/next/dist/client/app-index.js:32
[ 5902164ms] [ERROR] Failed to load resource: the server responded with a status of 500 (Internal Server Error) @ http://localhost:3000/api/comments?limit=50&sort=latest:0
[ 5902165ms] [ERROR] Failed to fetch comments: Error: Failed to fetch
    at eval (webpack-internal:///(app-pages-browser)/./src/components/comments-section.tsx:1459:32) @ webpack-internal:///(app-pages-browser)/./node_modules/next/dist/client/app-index.js:32
[ 5917162ms] [INFO] %cDownload the React DevTools for a better development experience: https://reactjs.org/link/react-devtools font-weight:bold @ webpack-internal:///(app-pages-browser)/./node_modules/next/dist/compiled/react-dom/cjs/react-dom.development.js:38559
[ 5920396ms] [ERROR] Failed to load resource: the server responded with a status of 500 (Internal Server Error) @ http://localhost:3000/api/comments?limit=50&sort=latest:0
[ 5920397ms] [ERROR] Failed to fetch comments: Error: Failed to fetch
    at eval (webpack-internal:///(app-pages-browser)/./src/components/comments-section.tsx:1459:32) @ webpack-internal:///(app-pages-browser)/./node_modules/next/dist/client/app-index.js:32
[ 5920724ms] [ERROR] Failed to load resource: the server responded with a status of 500 (Internal Server Error) @ http://localhost:3000/api/comments?limit=50&sort=latest:0
[ 5920724ms] [ERROR] Failed to fetch comments: Error: Failed to fetch
    at eval (webpack-internal:///(app-pages-browser)/./src/components/comments-section.tsx:1459:32) @ webpack-internal:///(app-pages-browser)/./node_modules/next/dist/client/app-index.js:32
[ 5927704ms] [ERROR] Failed to load resource: the server responded with a status of 500 (Internal Server Error) @ http://localhost:3000/api/comments:0
[ 5946947ms] [INFO] %cDownload the React DevTools for a better development experience: https://reactjs.org/link/react-devtools font-weight:bold @ webpack-internal:///(app-pages-browser)/./node_modules/next/dist/compiled/react-dom/cjs/react-dom.development.js:38559
[ 5950300ms] [ERROR] Failed to load resource: the server responded with a status of 500 (Internal Server Error) @ http://localhost:3000/api/comments?limit=50&sort=latest:0
[ 5950300ms] [ERROR] Failed to fetch comments: Error: Failed to fetch
    at eval (webpack-internal:///(app-pages-browser)/./src/components/comments-section.tsx:1459:32) @ webpack-internal:///(app-pages-browser)/./node_modules/next/dist/client/app-index.js:32
[ 5950595ms] [ERROR] Failed to load resource: the server responded with a status of 500 (Internal Server Error) @ http://localhost:3000/api/comments?limit=50&sort=latest:0
[ 5950595ms] [ERROR] Failed to fetch comments: Error: Failed to fetch
    at eval (webpack-internal:///(app-pages-browser)/./src/components/comments-section.tsx:1459:32) @ webpack-internal:///(app-pages-browser)/./node_modules/next/dist/client/app-index.js:32
[ 5968297ms] [INFO] %cDownload the React DevTools for a better development experience: https://reactjs.org/link/react-devtools font-weight:bold @ webpack-internal:///(app-pages-browser)/./node_modules/next/dist/compiled/react-dom/cjs/react-dom.development.js:38559
[ 5968675ms] [ERROR] Failed to load resource: the server responded with a status of 500 (Internal Server Error) @ http://localhost:3000/api/comments?limit=50&sort=latest:0
[ 5968675ms] [ERROR] Failed to fetch comments: Error: Failed to fetch
    at eval (webpack-internal:///(app-pages-browser)/./src/components/comments-section.tsx:1459:32) @ webpack-internal:///(app-pages-browser)/./node_modules/next/dist/client/app-index.js:32
[ 5968964ms] [ERROR] Failed to load resource: the server responded with a status of 500 (Internal Server Error) @ http://localhost:3000/api/comments?limit=50&sort=latest:0
[ 5968964ms] [ERROR] Failed to fetch comments: Error: Failed to fetch
    at eval (webpack-internal:///(app-pages-browser)/./src/components/comments-section.tsx:1459:32) @ webpack-internal:///(app-pages-browser)/./node_modules/next/dist/client/app-index.js:32
[ 5976968ms] [ERROR] Failed to load resource: the server responded with a status of 500 (Internal Server Error) @ http://localhost:3000/api/comments:0
[ 5994163ms] [ERROR] Failed to load resource: the server responded with a status of 500 (Internal Server Error) @ http://localhost:3000/api/comments:0
[ 6071856ms] [LOG] [Fast Refresh] rebuilding @ webpack-internal:///(app-pages-browser)/./node_modules/next/dist/client/components/react-dev-overlay/app/hot-reloader-client.js:186
[ 6072364ms] [LOG] [Fast Refresh] done in 508ms @ webpack-internal:///(app-pages-browser)/./node_modules/next/dist/client/components/react-dev-overlay/app/hot-reloader-client.js:43
[ 6079334ms] [LOG] [Fast Refresh] rebuilding @ webpack-internal:///(app-pages-browser)/./node_modules/next/dist/client/components/react-dev-overlay/app/hot-reloader-client.js:186
[ 6079473ms] [LOG] [Fast Refresh] done in 139ms @ webpack-internal:///(app-pages-browser)/./node_modules/next/dist/client/components/react-dev-overlay/app/hot-reloader-client.js:43
[ 6120759ms] [LOG] [Fast Refresh] rebuilding @ webpack-internal:///(app-pages-browser)/./node_modules/next/dist/client/components/react-dev-overlay/app/hot-reloader-client.js:186
[ 6121028ms] [LOG] [Fast Refresh] done in 269ms @ webpack-internal:///(app-pages-browser)/./node_modules/next/dist/client/components/react-dev-overlay/app/hot-reloader-client.js:43
[ 6303553ms] [LOG] [Fast Refresh] rebuilding @ webpack-internal:///(app-pages-browser)/./node_modules/next/dist/client/components/react-dev-overlay/app/hot-reloader-client.js:186
[ 6304023ms] [LOG] [Fast Refresh] done in 470ms @ webpack-internal:///(app-pages-browser)/./node_modules/next/dist/client/components/react-dev-overlay/app/hot-reloader-client.js:43
[ 6311020ms] [LOG] [Fast Refresh] rebuilding @ webpack-internal:///(app-pages-browser)/./node_modules/next/dist/client/components/react-dev-overlay/app/hot-reloader-client.js:186
[ 6311204ms] [LOG] [Fast Refresh] done in 185ms @ webpack-internal:///(app-pages-browser)/./node_modules/next/dist/client/components/react-dev-overlay/app/hot-reloader-client.js:43
[ 6340043ms] [LOG] [Fast Refresh] rebuilding @ webpack-internal:///(app-pages-browser)/./node_modules/next/dist/client/components/react-dev-overlay/app/hot-reloader-client.js:186
[ 6340215ms] [LOG] [Fast Refresh] done in 172ms @ webpack-internal:///(app-pages-browser)/./node_modules/next/dist/client/components/react-dev-overlay/app/hot-reloader-client.js:43
[ 6388361ms] [ERROR] Failed to load resource: net::ERR_CONNECTION_REFUSED @ http://localhost:3000/api/guardian:0
[ 6388361ms] [ERROR] Failed to load resource: net::ERR_CONNECTION_REFUSED @ http://localhost:3000/api/guardian/stats:0
[ 6388859ms] [ERROR] Failed to load resource: net::ERR_CONNECTION_REFUSED @ http://localhost:3000/api/tracking/internal:0
[ 6418361ms] [ERROR] Failed to load resource: net::ERR_CONNECTION_REFUSED @ http://localhost:3000/api/guardian:0
[ 6418362ms] [ERROR] Failed to load resource: net::ERR_CONNECTION_REFUSED @ http://localhost:3000/api/guardian/stats:0
[ 6418860ms] [ERROR] Failed to load resource: net::ERR_CONNECTION_REFUSED @ http://localhost:3000/api/tracking/internal:0
[ 6448361ms] [ERROR] Failed to load resource: net::ERR_CONNECTION_REFUSED @ http://localhost:3000/api/guardian:0
[ 6448361ms] [ERROR] Failed to load resource: net::ERR_CONNECTION_REFUSED @ http://localhost:3000/api/guardian/stats:0
[ 6448860ms] [ERROR] Failed to load resource: net::ERR_CONNECTION_REFUSED @ http://localhost:3000/api/tracking/internal:0
[ 6478361ms] [ERROR] Failed to load resource: net::ERR_CONNECTION_REFUSED @ http://localhost:3000/api/guardian:0
[ 6478362ms] [ERROR] Failed to load resource: net::ERR_CONNECTION_REFUSED @ http://localhost:3000/api/guardian/stats:0
[ 6478859ms] [ERROR] Failed to load resource: net::ERR_CONNECTION_REFUSED @ http://localhost:3000/api/tracking/internal:0
[ 6508362ms] [ERROR] Failed to load resource: net::ERR_CONNECTION_REFUSED @ http://localhost:3000/api/guardian:0
[ 6508363ms] [ERROR] Failed to load resource: net::ERR_CONNECTION_REFUSED @ http://localhost:3000/api/guardian/stats:0
[ 6508862ms] [ERROR] Failed to load resource: net::ERR_CONNECTION_REFUSED @ http://localhost:3000/api/tracking/internal:0
[ 6538373ms] [ERROR] Failed to load resource: net::ERR_CONNECTION_REFUSED @ http://localhost:3000/api/guardian:0
[ 6538373ms] [ERROR] Failed to load resource: net::ERR_CONNECTION_REFUSED @ http://localhost:3000/api/guardian/stats:0
[ 6538872ms] [ERROR] Failed to load resource: net::ERR_CONNECTION_REFUSED @ http://localhost:3000/api/tracking/internal:0
[ 6568378ms] [ERROR] Failed to load resource: net::ERR_CONNECTION_REFUSED @ http://localhost:3000/api/guardian:0
[ 6568378ms] [ERROR] Failed to load resource: net::ERR_CONNECTION_REFUSED @ http://localhost:3000/api/guardian/stats:0
[ 6568880ms] [ERROR] Failed to load resource: net::ERR_CONNECTION_REFUSED @ http://localhost:3000/api/tracking/internal:0
[ 6598379ms] [ERROR] Failed to load resource: net::ERR_CONNECTION_REFUSED @ http://localhost:3000/api/guardian:0
[ 6598379ms] [ERROR] Failed to load resource: net::ERR_CONNECTION_REFUSED @ http://localhost:3000/api/guardian/stats:0
[ 6598875ms] [ERROR] Failed to load resource: net::ERR_CONNECTION_REFUSED @ http://localhost:3000/api/tracking/internal:0
[ 6658392ms] [ERROR] Failed to load resource: the server responded with a status of 500 (Internal Server Error) @ http://localhost:3000/api/guardian:0
[ 6658396ms] [ERROR] Failed to load resource: the server responded with a status of 500 (Internal Server Error) @ http://localhost:3000/api/guardian/stats:0
[ 6658886ms] [ERROR] Failed to load resource: the server responded with a status of 500 (Internal Server Error) @ http://localhost:3000/api/tracking/internal:0
[ 6688557ms] [ERROR] Failed to load resource: the server responded with a status of 500 (Internal Server Error) @ http://localhost:3000/api/guardian:0
[ 6688578ms] [ERROR] Failed to load resource: the server responded with a status of 500 (Internal Server Error) @ http://localhost:3000/api/guardian/stats:0
[ 6689053ms] [ERROR] Failed to load resource: the server responded with a status of 500 (Internal Server Error) @ http://localhost:3000/api/tracking/internal:0
[ 6718422ms] [ERROR] Failed to load resource: the server responded with a status of 500 (Internal Server Error) @ http://localhost:3000/api/guardian:0
[ 6718436ms] [ERROR] Failed to load resource: the server responded with a status of 500 (Internal Server Error) @ http://localhost:3000/api/guardian/stats:0
[ 6718886ms] [ERROR] Failed to load resource: the server responded with a status of 500 (Internal Server Error) @ http://localhost:3000/api/tracking/internal:0
